<?xml version="1.0" encoding="UTF-8"?>
<!-- Generated by org.testng.reporters.JUnitReportReporter -->
<testsuite hostname="DESKTOP-IDC320D" failures="0" tests="4" name="com.hr.qa.testcases.LoginPageTest" time="35.606" errors="0" timestamp="14 Mar 2023 07:37:57 GMT" skipped="0">
  <testcase classname="com.hr.qa.testcases.LoginPageTest" name="loginPageTitleTest" time="9.023"/>
  <testcase classname="com.hr.qa.testcases.LoginPageTest" name="loginPageLogoTest" time="8.039"/>
  <testcase classname="com.hr.qa.testcases.LoginPageTest" name="loginTest" time="9.042"/>
  <testcase classname="com.hr.qa.testcases.LoginPageTest" name="loginTest" time="9.502"/>
</testsuite> <!-- com.hr.qa.testcases.LoginPageTest -->
