<?xml version="1.0" encoding="UTF-8"?>
<!-- Generated by org.testng.reporters.JUnitReportReporter -->
<testsuite hostname="DESKTOP-IDC320D" failures="0" tests="2" name="com.hr.qa.testcases.UserPageTest" time="43.131" errors="0" timestamp="17 Mar 2023 18:31:09 GMT" skipped="0">
  <testcase classname="com.hr.qa.testcases.UserPageTest" name="VerifyPageTitle" time="20.048"/>
  <testcase classname="com.hr.qa.testcases.UserPageTest" name="ValidateNewUserForm" time="23.083"/>
</testsuite> <!-- com.hr.qa.testcases.UserPageTest -->
